  Events.cpp
D:\source\repos\EngineThing\EngineThing\src\events\Events.cpp(121,31): warning C4244: +=: преобразование "double" в "T", возможна потеря данных
D:\source\repos\EngineThing\EngineThing\src\events\Events.cpp(121,31): warning C4244:         with
D:\source\repos\EngineThing\EngineThing\src\events\Events.cpp(121,31): warning C4244:         [
D:\source\repos\EngineThing\EngineThing\src\events\Events.cpp(121,31): warning C4244:             T=float
D:\source\repos\EngineThing\EngineThing\src\events\Events.cpp(121,31): warning C4244:         ]
D:\source\repos\EngineThing\EngineThing\src\events\Events.cpp(122,31): warning C4244: +=: преобразование "double" в "T", возможна потеря данных
D:\source\repos\EngineThing\EngineThing\src\events\Events.cpp(122,31): warning C4244:         with
D:\source\repos\EngineThing\EngineThing\src\events\Events.cpp(122,31): warning C4244:         [
D:\source\repos\EngineThing\EngineThing\src\events\Events.cpp(122,31): warning C4244:             T=float
D:\source\repos\EngineThing\EngineThing\src\events\Events.cpp(122,31): warning C4244:         ]
D:\source\repos\EngineThing\EngineThing\src\events\Events.cpp(128,18): warning C4244: =: преобразование "double" в "T", возможна потеря данных
D:\source\repos\EngineThing\EngineThing\src\events\Events.cpp(128,18): warning C4244:         with
D:\source\repos\EngineThing\EngineThing\src\events\Events.cpp(128,18): warning C4244:         [
D:\source\repos\EngineThing\EngineThing\src\events\Events.cpp(128,18): warning C4244:             T=float
D:\source\repos\EngineThing\EngineThing\src\events\Events.cpp(128,18): warning C4244:         ]
D:\source\repos\EngineThing\EngineThing\src\events\Events.cpp(129,18): warning C4244: =: преобразование "double" в "T", возможна потеря данных
D:\source\repos\EngineThing\EngineThing\src\events\Events.cpp(129,18): warning C4244:         with
D:\source\repos\EngineThing\EngineThing\src\events\Events.cpp(129,18): warning C4244:         [
D:\source\repos\EngineThing\EngineThing\src\events\Events.cpp(129,18): warning C4244:             T=float
D:\source\repos\EngineThing\EngineThing\src\events\Events.cpp(129,18): warning C4244:         ]
  Primitives2D.cpp
  Object2DBase.cpp
  Circle2D.cpp
  test.cpp
  Window.cpp
  Создание кода...
glew32sd.lib(glew.obj) : warning LNK4099: "" PDB не найден с "glew32sd.lib(glew.obj)" или на ""; компоновка объекта выполняется как при отсутствии отладочных данных
  EngineThing.vcxproj -> D:\source\repos\EngineThing\x64\Debug\EngineThing.exe
